TN:
SF:src/components/Repository/index.tsx
FN:22,(anonymous_0)
FN:28,(anonymous_1)
FN:53,(anonymous_2)
FNF:3
FNH:3
FNDA:3,(anonymous_0)
FNDA:1,(anonymous_1)
FNDA:2,(anonymous_2)
DA:22,1
DA:24,3
DA:25,3
DA:27,3
DA:28,1
DA:53,2
LF:6
LH:6
BRDA:55,0,0,0
BRDA:55,0,1,3
BRF:2
BRH:1
end_of_record
TN:
SF:src/components/RepositoryListTemplate/index.tsx
FN:30,(anonymous_0)
FN:43,(anonymous_1)
FN:49,(anonymous_2)
FNF:3
FNH:3
FNDA:2,(anonymous_0)
FNDA:1,(anonymous_1)
FNDA:1,(anonymous_2)
DA:30,1
DA:31,2
DA:43,1
DA:50,1
LF:4
LH:4
BRDA:35,0,0,1
BRDA:35,0,1,1
BRDA:39,1,0,1
BRDA:39,1,1,1
BRDA:46,2,0,0
BRDA:46,2,1,1
BRF:6
BRH:5
end_of_record
TN:
SF:src/hooks/favorite.tsx
FN:18,(anonymous_0)
FN:24,(anonymous_1)
FN:25,loadFavorites
FN:45,(anonymous_3)
FN:47,(anonymous_4)
FN:59,(anonymous_5)
FN:68,(anonymous_6)
FN:69,(anonymous_7)
FN:83,useFavorite
FNF:9
FNH:9
FNDA:11,(anonymous_0)
FNDA:3,(anonymous_1)
FNDA:3,loadFavorites
FNDA:5,(anonymous_3)
FNDA:2,(anonymous_4)
FNDA:1,(anonymous_5)
FNDA:2,(anonymous_6)
FNDA:2,(anonymous_7)
FNDA:11,useFavorite
DA:16,1
DA:18,1
DA:20,11
DA:24,11
DA:27,3
DA:29,3
DA:30,2
DA:34,1
DA:41,3
DA:45,11
DA:47,5
DA:49,5
DA:51,4
DA:52,4
DA:54,4
DA:55,4
DA:59,1
DA:61,1
DA:62,1
DA:68,11
DA:69,2
DA:71,2
DA:76,11
DA:84,11
DA:86,11
DA:87,0
DA:90,11
LF:27
LH:26
BRDA:29,0,0,2
BRDA:29,0,1,1
BRDA:49,1,0,4
BRDA:49,1,1,1
BRDA:86,2,0,0
BRDA:86,2,1,11
BRF:6
BRH:5
end_of_record
TN:
SF:src/pages/Favorites/index.tsx
FN:5,(anonymous_0)
FNF:1
FNH:0
FNDA:0,(anonymous_0)
DA:5,0
DA:7,0
DA:9,0
LF:3
LH:0
BRF:0
BRH:0
end_of_record
TN:
SF:src/pages/Repository/index.tsx
FN:33,(anonymous_0)
FN:60,(anonymous_1)
FNF:2
FNH:1
FNDA:5,(anonymous_0)
FNDA:0,(anonymous_1)
DA:33,1
DA:35,5
DA:36,5
DA:38,5
DA:40,5
DA:42,5
DA:52,4
DA:60,0
LF:8
LH:7
BRDA:55,0,0,2
BRDA:55,0,1,2
BRDA:59,1,0,2
BRDA:59,1,1,1
BRDA:62,2,0,0
BRDA:62,2,1,1
BRDA:85,3,0,1
BRDA:85,3,1,1
BRF:8
BRH:7
end_of_record
TN:
SF:src/pages/Trending/index.tsx
FN:9,(anonymous_0)
FN:29,(anonymous_1)
FN:33,(anonymous_2)
FN:35,loadMoreRepositories
FN:78,(anonymous_4)
FN:80,handleRefresh
FN:97,(anonymous_6)
FN:99,(anonymous_7)
FNF:8
FNH:0
FNDA:0,(anonymous_0)
FNDA:0,(anonymous_1)
FNDA:0,(anonymous_2)
FNDA:0,loadMoreRepositories
FNDA:0,(anonymous_4)
FNDA:0,handleRefresh
FNDA:0,(anonymous_6)
FNDA:0,(anonymous_7)
DA:9,0
DA:11,0
DA:12,0
DA:13,0
DA:14,0
DA:15,0
DA:16,0
DA:18,0
DA:29,0
DA:30,0
DA:33,0
DA:37,0
DA:39,0
DA:41,0
DA:50,0
DA:52,0
DA:54,0
DA:56,0
DA:67,0
DA:71,0
DA:78,0
DA:82,0
DA:84,0
DA:86,0
DA:90,0
DA:97,0
DA:99,0
DA:103,0
LF:28
LH:0
BRDA:39,0,0,0
BRDA:39,0,1,0
BRDA:50,1,0,0
BRDA:50,1,1,0
BRDA:54,2,0,0
BRDA:54,2,1,0
BRF:6
BRH:0
end_of_record
